[0m09:17:55.270597 [error] [Thread-7 (]: [31mUnhandled error while executing [0m
Exception on worker thread. Database Error
  Database Error
    Database Error
      Error during request to server: BAD_REQUEST: Sorry, cannot run the resource because you have hit your free daily limit. Please come back again tomorrow.. BAD_REQUEST: Sorry, cannot run the resource because you have hit your free daily limit. Please come back again tomorrow.
[0m09:17:55.273960 [debug] [Thread-7 (]: On model.review.int_review_classify: No close available on handle
[0m09:17:55.273960 [debug] [Thread-7 (]: Sending event: {'category': 'dbt', 'action': 'run_model', 'label': '04c5d2e7-7ac4-48e0-9312-9a90efffb0ae', 'context': [<snowplow_tracker.self_describing_json.SelfDescribingJson object at 0x00000231A4057B30>]}
[0m09:17:55.273960 [error] [Thread-7 (]: Batch 438 of 450 ERROR creating batch 2026-03-14 of ecommerce.intermediate.int_review_classify  [[31mERROR[0m in 0.61s]
[0m09:17:55.278650 [debug] [Thread-7 (]: Finished running node model.review.int_review_classify
[0m09:17:55.278650 [debug] [Thread-7 (]: Began running node model.review.int_review_classify
[0m09:17:55.280720 [info ] [Thread-7 (]: Batch 441 of 450 START batch 2026-03-17 of ecommerce.intermediate.int_review_classify  [RUN]
[0m09:17:55.281275 [debug] [Thread-7 (]: Databricks adapter: DatabricksDBTConnection(session-id=None, name=model.review.int_review_classify) - Creating connection
[0m09:17:55.281275 [debug] [Thread-7 (]: Acquiring new databricks connection 'model.review.int_review_classify'
[0m09:17:55.281275 [debug] [Thread-7 (]: Began compiling node model.review.int_review_classify
[0m09:17:55.291006 [debug] [Thread-7 (]: Writing injected SQL for node "model.review.int_review_classify"
[0m09:17:55.291006 [debug] [Thread-7 (]: Began executing node model.review.int_review_classify
[0m09:17:55.294641 [debug] [Thread-7 (]: MATERIALIZING INCREMENTAL
[0m09:17:55.294641 [debug] [Thread-7 (]: Using databricks connection "model.review.int_review_classify"
[0m09:17:55.301140 [debug] [Thread-7 (]: On model.review.int_review_classify: /* {"app": "dbt", "dbt_version": "1.11.6", "dbt_databricks_version": "1.11.6", "databricks_sql_connector_version": "4.1.3", "profile_name": "review", "target_name": "dev", "node_id": "model.review.int_review_classify"} */

      describe extended `ecommerce`.`intermediate`.`int_review_classify`
  
[0m09:17:55.301140 [debug] [Thread-7 (]: Opening a new connection, currently in state init
[0m09:17:55.351020 [error] [Thread-5 (]: databricks-sql-connector adapter: ThriftBackend.attempt_request: Exception: %s
[0m09:17:55.352037 [error] [Thread-5 (]: Databricks adapter: Connection(session-id=Unknown) - Exception while trying to create connection: Error during request to server: BAD_REQUEST: Sorry, cannot run the resource because you have hit your free daily limit. Please come back again tomorrow.. BAD_REQUEST: Sorry, cannot run the resource because you have hit your free daily limit. Please come back again tomorrow.
Error properties: attempt=1/30, bounded-retry-delay=None, elapsed-seconds=0.540677547454834/900.0, error-message=BAD_REQUEST: Sorry, cannot run the resource because you have hit your free daily limit. Please come back again tomorrow., http-code=400, method=OpenSession, no-retry-reason=non-retryable error, original-exception=BAD_REQUEST: Sorry, cannot run the resource because you have hit your free daily limit. Please come back again tomorrow., query-id=None, session-id=None
[0m09:17:55.354584 [debug] [Thread-5 (]: Databricks adapter: Exception while trying to execute query
/* {"app": "dbt", "dbt_version": "1.11.6", "dbt_databricks_version": "1.11.6", "databricks_sql_connector_version": "4.1.3", "profile_name": "review", "target_name": "dev", "node_id": "model.review.int_review_classify"} */

      describe extended `ecommerce`.`intermediate`.`int_review_classify`
  
: Database Error
  Error during request to server: BAD_REQUEST: Sorry, cannot run the resource because you have hit your free daily limit. Please come back again tomorrow.. BAD_REQUEST: Sorry, cannot run the resource because you have hit your free daily limit. Please come back again tomorrow.
[0m09:17:55.355091 [debug] [Thread-5 (]: Databricks adapter: Exception while trying to execute query
macro get_columns_in_relation_raw
: Database Error
  Database Error
    Error during request to server: BAD_REQUEST: Sorry, cannot run the resource because you have hit your free daily limit. Please come back again tomorrow.. BAD_REQUEST: Sorry, cannot run the resource because you have hit your free daily limit. Please come back again tomorrow.
[0m09:17:55.356100 [error] [Thread-5 (]: [31mUnhandled error while executing [0m
Exception on worker thread. Database Error
  Database Error
    Database Error
      Error during request to server: BAD_REQUEST: Sorry, cannot run the resource because you have hit your free daily limit. Please come back again tomorrow.. BAD_REQUEST: Sorry, cannot run the resource because you have hit your free daily limit. Please come back again tomorrow.
[0m09:17:55.356100 [debug] [Thread-5 (]: On model.review.int_review_classify: No close available on handle
[0m09:17:55.357710 [debug] [Thread-5 (]: Sending event: {'category': 'dbt', 'action': 'run_model', 'label': '04c5d2e7-7ac4-48e0-9312-9a90efffb0ae', 'context': [<snowplow_tracker.self_describing_json.SelfDescribingJson object at 0x00000231A408F920>]}
[0m09:17:55.357710 [error] [Thread-5 (]: Batch 439 of 450 ERROR creating batch 2026-03-15 of ecommerce.intermediate.int_review_classify  [[31mERROR[0m in 0.61s]
[0m09:17:55.357710 [debug] [Thread-5 (]: Finished running node model.review.int_review_classify
[0m09:17:55.357710 [debug] [Thread-5 (]: Began running node model.review.int_review_classify
[0m09:17:55.357710 [info ] [Thread-5 (]: Batch 442 of 450 START batch 2026-03-18 of ecommerce.intermediate.int_review_classify  [RUN]
[0m09:17:55.357710 [debug] [Thread-5 (]: Databricks adapter: DatabricksDBTConnection(session-id=None, name=model.review.int_review_classify) - Creating connection
[0m09:17:55.362233 [debug] [Thread-5 (]: Acquiring new databricks connection 'model.review.int_review_classify'
[0m09:17:55.362233 [debug] [Thread-5 (]: Began compiling node model.review.int_review_classify
[0m09:17:55.367884 [debug] [Thread-5 (]: Writing injected SQL for node "model.review.int_review_classify"
[0m09:17:55.367884 [debug] [Thread-5 (]: Began executing node model.review.int_review_classify
[0m09:17:55.372434 [debug] [Thread-5 (]: MATERIALIZING INCREMENTAL
[0m09:17:55.376570 [debug] [Thread-5 (]: Using databricks connection "model.review.int_review_classify"
[0m09:17:55.376570 [debug] [Thread-5 (]: On model.review.int_review_classify: /* {"app": "dbt", "dbt_version": "1.11.6", "dbt_databricks_version": "1.11.6", "databricks_sql_connector_version": "4.1.3", "profile_name": "review", "target_name": "dev", "node_id": "model.review.int_review_classify"} */

      describe extended `ecommerce`.`intermediate`.`int_review_classify`
  
[0m09:17:55.376570 [debug] [Thread-5 (]: Opening a new connection, currently in state init
[0m09:17:55.608870 [error] [Thread-4 (]: databricks-sql-connector adapter: ThriftBackend.attempt_request: Exception: %s
[0m09:17:55.613065 [error] [Thread-4 (]: Databricks adapter: Connection(session-id=Unknown) - Exception while trying to create connection: Error during request to server: BAD_REQUEST: Sorry, cannot run the resource because you have hit your free daily limit. Please come back again tomorrow.. BAD_REQUEST: Sorry, cannot run the resource because you have hit your free daily limit. Please come back again tomorrow.
Error properties: attempt=1/30, bounded-retry-delay=None, elapsed-seconds=0.5524914264678955/900.0, error-message=BAD_REQUEST: Sorry, cannot run the resource because you have hit your free daily limit. Please come back again tomorrow., http-code=400, method=OpenSession, no-retry-reason=non-retryable error, original-exception=BAD_REQUEST: Sorry, cannot run the resource because you have hit your free daily limit. Please come back again tomorrow., query-id=None, session-id=None
[0m09:17:55.613065 [debug] [Thread-4 (]: Databricks adapter: Exception while trying to execute query
/* {"app": "dbt", "dbt_version": "1.11.6", "dbt_databricks_version": "1.11.6", "databricks_sql_connector_version": "4.1.3", "profile_name": "review", "target_name": "dev", "node_id": "model.review.int_review_classify"} */

      describe extended `ecommerce`.`intermediate`.`int_review_classify`
  
: Database Error
  Error during request to server: BAD_REQUEST: Sorry, cannot run the resource because you have hit your free daily limit. Please come back again tomorrow.. BAD_REQUEST: Sorry, cannot run the resource because you have hit your free daily limit. Please come back again tomorrow.
[0m09:17:55.613065 [debug] [Thread-4 (]: Databricks adapter: Exception while trying to execute query
macro get_columns_in_relation_raw
: Database Error
  Database Error
    Error during request to server: BAD_REQUEST: Sorry, cannot run the resource because you have hit your free daily limit. Please come back again tomorrow.. BAD_REQUEST: Sorry, cannot run the resource because you have hit your free daily limit. Please come back again tomorrow.
[0m09:17:55.616833 [error] [Thread-4 (]: [31mUnhandled error while executing [0m
Exception on worker thread. Database Error
  Database Error
    Database Error
      Error during request to server: BAD_REQUEST: Sorry, cannot run the resource because you have hit your free daily limit. Please come back again tomorrow.. BAD_REQUEST: Sorry, cannot run the resource because you have hit your free daily limit. Please come back again tomorrow.
[0m09:17:55.616833 [debug] [Thread-4 (]: On model.review.int_review_classify: No close available on handle
[0m09:17:55.616833 [debug] [Thread-4 (]: Sending event: {'category': 'dbt', 'action': 'run_model', 'label': '04c5d2e7-7ac4-48e0-9312-9a90efffb0ae', 'context': [<snowplow_tracker.self_describing_json.SelfDescribingJson object at 0x00000231A407E000>]}
[0m09:17:55.616833 [error] [Thread-4 (]: Batch 440 of 450 ERROR creating batch 2026-03-16 of ecommerce.intermediate.int_review_classify  [[31mERROR[0m in 0.64s]
[0m09:17:55.619445 [debug] [Thread-4 (]: Finished running node model.review.int_review_classify
[0m09:17:55.619445 [debug] [Thread-4 (]: Began running node model.review.int_review_classify
[0m09:17:55.619445 [info ] [Thread-4 (]: Batch 443 of 450 START batch 2026-03-19 of ecommerce.intermediate.int_review_classify  [RUN]
[0m09:17:55.619445 [debug] [Thread-4 (]: Databricks adapter: DatabricksDBTConnection(session-id=None, name=model.review.int_review_classify) - Creating connection
[0m09:17:55.619445 [debug] [Thread-4 (]: Acquiring new databricks connection 'model.review.int_review_classify'
[0m09:17:55.622710 [debug] [Thread-4 (]: Began compiling node model.review.int_review_classify
[0m09:17:55.628585 [debug] [Thread-4 (]: Writing injected SQL for node "model.review.int_review_classify"
[0m09:17:55.628585 [debug] [Thread-4 (]: Began executing node model.review.int_review_classify
[0m09:17:55.633039 [debug] [Thread-4 (]: MATERIALIZING INCREMENTAL
[0m09:17:55.635217 [debug] [Thread-4 (]: Using databricks connection "model.review.int_review_classify"
[0m09:17:55.635217 [debug] [Thread-4 (]: On model.review.int_review_classify: /* {"app": "dbt", "dbt_version": "1.11.6", "dbt_databricks_version": "1.11.6", "databricks_sql_connector_version": "4.1.3", "profile_name": "review", "target_name": "dev", "node_id": "model.review.int_review_classify"} */

      describe extended `ecommerce`.`intermediate`.`int_review_classify`
  
[0m09:17:55.637155 [debug] [Thread-4 (]: Opening a new connection, currently in state init
[0m09:17:55.868251 [error] [Thread-7 (]: databricks-sql-connector adapter: ThriftBackend.attempt_request: Exception: %s
[0m09:17:55.870113 [error] [Thread-7 (]: Databricks adapter: Connection(session-id=Unknown) - Exception while trying to create connection: Error during request to server: BAD_REQUEST: Sorry, cannot run the resource because you have hit your free daily limit. Please come back again tomorrow.. BAD_REQUEST: Sorry, cannot run the resource because you have hit your free daily limit. Please come back again tomorrow.
Error properties: attempt=1/30, bounded-retry-delay=None, elapsed-seconds=0.5339736938476562/900.0, error-message=BAD_REQUEST: Sorry, cannot run the resource because you have hit your free daily limit. Please come back again tomorrow., http-code=400, method=OpenSession, no-retry-reason=non-retryable error, original-exception=BAD_REQUEST: Sorry, cannot run the resource because you have hit your free daily limit. Please come back again tomorrow., query-id=None, session-id=None
[0m09:17:55.870113 [debug] [Thread-7 (]: Databricks adapter: Exception while trying to execute query
/* {"app": "dbt", "dbt_version": "1.11.6", "dbt_databricks_version": "1.11.6", "databricks_sql_connector_version": "4.1.3", "profile_name": "review", "target_name": "dev", "node_id": "model.review.int_review_classify"} */

      describe extended `ecommerce`.`intermediate`.`int_review_classify`
  
: Database Error
  Error during request to server: BAD_REQUEST: Sorry, cannot run the resource because you have hit your free daily limit. Please come back again tomorrow.. BAD_REQUEST: Sorry, cannot run the resource because you have hit your free daily limit. Please come back again tomorrow.
[0m09:17:55.870113 [debug] [Thread-7 (]: Databricks adapter: Exception while trying to execute query
macro get_columns_in_relation_raw
: Database Error
  Database Error
    Error during request to server: BAD_REQUEST: Sorry, cannot run the resource because you have hit your free daily limit. Please come back again tomorrow.. BAD_REQUEST: Sorry, cannot run the resource because you have hit your free daily limit. Please come back again tomorrow.
[0m09:17:55.874168 [error] [Thread-7 (]: [31mUnhandled error while executing [0m
Exception on worker thread. Database Error
  Database Error
    Database Error
      Error during request to server: BAD_REQUEST: Sorry, cannot run the resource because you have hit your free daily limit. Please come back again tomorrow.. BAD_REQUEST: Sorry, cannot run the resource because you have hit your free daily limit. Please come back again tomorrow.
[0m09:17:55.874753 [debug] [Thread-7 (]: On model.review.int_review_classify: No close available on handle
[0m09:17:55.874753 [debug] [Thread-7 (]: Sending event: {'category': 'dbt', 'action': 'run_model', 'label': '04c5d2e7-7ac4-48e0-9312-9a90efffb0ae', 'context': [<snowplow_tracker.self_describing_json.SelfDescribingJson object at 0x00000231A3CE6030>]}
[0m09:17:55.963624 [error] [Thread-5 (]: databricks-sql-connector adapter: ThriftBackend.attempt_request: Exception: %s
[0m09:17:55.963624 [error] [Thread-5 (]: Databricks adapter: Connection(session-id=Unknown) - Exception while trying to create connection: Error during request to server: BAD_REQUEST: Sorry, cannot run the resource because you have hit your free daily limit. Please come back again tomorrow.. BAD_REQUEST: Sorry, cannot run the resource because you have hit your free daily limit. Please come back again tomorrow.
Error properties: attempt=1/30, bounded-retry-delay=None, elapsed-seconds=0.556204080581665/900.0, error-message=BAD_REQUEST: Sorry, cannot run the resource because you have hit your free daily limit. Please come back again tomorrow., http-code=400, method=OpenSession, no-retry-reason=non-retryable error, original-exception=BAD_REQUEST: Sorry, cannot run the resource because you have hit your free daily limit. Please come back again tomorrow., query-id=None, session-id=None
[0m09:17:55.966477 [debug] [Thread-5 (]: Databricks adapter: Exception while trying to execute query
/* {"app": "dbt", "dbt_version": "1.11.6", "dbt_databricks_version": "1.11.6", "databricks_sql_connector_version": "4.1.3", "profile_name": "review", "target_name": "dev", "node_id": "model.review.int_review_classify"} */

      describe extended `ecommerce`.`intermediate`.`int_review_classify`
  
: Database Error
  Error during request to server: BAD_REQUEST: Sorry, cannot run the resource because you have hit your free daily limit. Please come back again tomorrow.. BAD_REQUEST: Sorry, cannot run the resource because you have hit your free daily limit. Please come back again tomorrow.
[0m09:17:55.966477 [debug] [Thread-5 (]: Databricks adapter: Exception while trying to execute query
macro get_columns_in_relation_raw
: Database Error
  Database Error
    Error during request to server: BAD_REQUEST: Sorry, cannot run the resource because you have hit your free daily limit. Please come back again tomorrow.. BAD_REQUEST: Sorry, cannot run the resource because you have hit your free daily limit. Please come back again tomorrow.
[0m09:17:55.968497 [error] [Thread-5 (]: [31mUnhandled error while executing [0m
Exception on worker thread. Database Error
  Database Error
    Database Error
      Error during request to server: BAD_REQUEST: Sorry, cannot run the resource because you have hit your free daily limit. Please come back again tomorrow.. BAD_REQUEST: Sorry, cannot run the resource because you have hit your free daily limit. Please come back again tomorrow.
[0m09:17:55.969078 [debug] [Thread-5 (]: On model.review.int_review_classify: No close available on handle
[0m09:17:55.969078 [debug] [Thread-5 (]: Sending event: {'category': 'dbt', 'action': 'run_model', 'label': '04c5d2e7-7ac4-48e0-9312-9a90efffb0ae', 'context': [<snowplow_tracker.self_describing_json.SelfDescribingJson object at 0x00000231A53D2840>]}
[0m09:17:56.182304 [error] [Thread-4 (]: databricks-sql-connector adapter: ThriftBackend.attempt_request: Exception: %s
[0m09:17:56.182304 [error] [Thread-4 (]: Databricks adapter: Connection(session-id=Unknown) - Exception while trying to create connection: Error during request to server: BAD_REQUEST: Sorry, cannot run the resource because you have hit your free daily limit. Please come back again tomorrow.. BAD_REQUEST: Sorry, cannot run the resource because you have hit your free daily limit. Please come back again tomorrow.
Error properties: attempt=1/30, bounded-retry-delay=None, elapsed-seconds=0.5156455039978027/900.0, error-message=BAD_REQUEST: Sorry, cannot run the resource because you have hit your free daily limit. Please come back again tomorrow., http-code=400, method=OpenSession, no-retry-reason=non-retryable error, original-exception=BAD_REQUEST: Sorry, cannot run the resource because you have hit your free daily limit. Please come back again tomorrow., query-id=None, session-id=None
[0m09:17:56.190535 [debug] [Thread-4 (]: Databricks adapter: Exception while trying to execute query
/* {"app": "dbt", "dbt_version": "1.11.6", "dbt_databricks_version": "1.11.6", "databricks_sql_connector_version": "4.1.3", "profile_name": "review", "target_name": "dev", "node_id": "model.review.int_review_classify"} */

      describe extended `ecommerce`.`intermediate`.`int_review_classify`
  
: Database Error
  Error during request to server: BAD_REQUEST: Sorry, cannot run the resource because you have hit your free daily limit. Please come back again tomorrow.. BAD_REQUEST: Sorry, cannot run the resource because you have hit your free daily limit. Please come back again tomorrow.
[0m09:17:56.191079 [debug] [Thread-4 (]: Databricks adapter: Exception while trying to execute query
macro get_columns_in_relation_raw
: Database Error
  Database Error
    Error during request to server: BAD_REQUEST: Sorry, cannot run the resource because you have hit your free daily limit. Please come back again tomorrow.. BAD_REQUEST: Sorry, cannot run the resource because you have hit your free daily limit. Please come back again tomorrow.
[0m09:17:56.191079 [error] [Thread-4 (]: [31mUnhandled error while executing [0m
Exception on worker thread. Database Error
  Database Error
    Database Error
      Error during request to server: BAD_REQUEST: Sorry, cannot run the resource because you have hit your free daily limit. Please come back again tomorrow.. BAD_REQUEST: Sorry, cannot run the resource because you have hit your free daily limit. Please come back again tomorrow.
[0m09:17:56.192599 [debug] [Thread-4 (]: On model.review.int_review_classify: No close available on handle
[0m09:17:56.193482 [debug] [Thread-4 (]: Sending event: {'category': 'dbt', 'action': 'run_model', 'label': '04c5d2e7-7ac4-48e0-9312-9a90efffb0ae', 'context': [<snowplow_tracker.self_describing_json.SelfDescribingJson object at 0x00000231A430D160>]}
[0m09:17:56.585324 [debug] [Thread-7 (]: An error was encountered while trying to send an event
[0m09:17:56.587857 [error] [Thread-5 (]: Batch 442 of 450 ERROR creating batch 2026-03-18 of ecommerce.intermediate.int_review_classify  [[31mERROR[0m in 0.61s]
[0m09:17:56.593275 [debug] [Thread-5 (]: Finished running node model.review.int_review_classify
[0m09:17:56.587857 [error] [Thread-4 (]: Batch 443 of 450 ERROR creating batch 2026-03-19 of ecommerce.intermediate.int_review_classify  [[31mERROR[0m in 0.57s]
[0m09:17:56.593782 [debug] [Thread-5 (]: Began running node model.review.int_review_classify
[0m09:17:56.592128 [error] [Thread-7 (]: Batch 441 of 450 ERROR creating batch 2026-03-17 of ecommerce.intermediate.int_review_classify  [[31mERROR[0m in 0.59s]
[0m09:17:56.594746 [debug] [Thread-4 (]: Finished running node model.review.int_review_classify
[0m09:17:56.594746 [debug] [Thread-7 (]: Finished running node model.review.int_review_classify
[0m09:17:56.594746 [info ] [Thread-5 (]: Batch 444 of 450 START batch 2026-03-20 of ecommerce.intermediate.int_review_classify  [RUN]
[0m09:17:56.594746 [debug] [Thread-4 (]: Began running node model.review.int_review_classify
[0m09:17:56.594746 [debug] [Thread-7 (]: Began running node model.review.int_review_classify
[0m09:17:56.594746 [debug] [Thread-5 (]: Databricks adapter: DatabricksDBTConnection(session-id=None, name=model.review.int_review_classify) - Creating connection
[0m09:17:56.594746 [info ] [Thread-4 (]: Batch 445 of 450 START batch 2026-03-21 of ecommerce.intermediate.int_review_classify  [RUN]
[0m09:17:56.601412 [debug] [Thread-5 (]: Acquiring new databricks connection 'model.review.int_review_classify'
[0m09:17:56.599979 [info ] [Thread-7 (]: Batch 446 of 450 START batch 2026-03-22 of ecommerce.intermediate.int_review_classify  [RUN]
[0m09:17:56.602626 [debug] [Thread-4 (]: Databricks adapter: DatabricksDBTConnection(session-id=None, name=model.review.int_review_classify) - Creating connection
[0m09:17:56.602626 [debug] [Thread-5 (]: Began compiling node model.review.int_review_classify
[0m09:17:56.605276 [debug] [Thread-7 (]: Databricks adapter: DatabricksDBTConnection(session-id=None, name=model.review.int_review_classify) - Creating connection
[0m09:17:56.605276 [debug] [Thread-4 (]: Acquiring new databricks connection 'model.review.int_review_classify'
[0m09:17:56.609768 [debug] [Thread-5 (]: Writing injected SQL for node "model.review.int_review_classify"
[0m09:17:56.609768 [debug] [Thread-7 (]: Acquiring new databricks connection 'model.review.int_review_classify'
[0m09:17:56.613092 [debug] [Thread-4 (]: Began compiling node model.review.int_review_classify
[0m09:17:56.613092 [debug] [Thread-7 (]: Began compiling node model.review.int_review_classify
[0m09:17:56.619111 [debug] [Thread-4 (]: Writing injected SQL for node "model.review.int_review_classify"
[0m09:17:56.626677 [debug] [Thread-7 (]: Writing injected SQL for node "model.review.int_review_classify"
[0m09:17:56.626677 [debug] [Thread-5 (]: Began executing node model.review.int_review_classify
[0m09:17:56.631198 [debug] [Thread-5 (]: MATERIALIZING INCREMENTAL
[0m09:17:56.636435 [debug] [Thread-5 (]: Using databricks connection "model.review.int_review_classify"
[0m09:17:56.637471 [debug] [Thread-5 (]: On model.review.int_review_classify: /* {"app": "dbt", "dbt_version": "1.11.6", "dbt_databricks_version": "1.11.6", "databricks_sql_connector_version": "4.1.3", "profile_name": "review", "target_name": "dev", "node_id": "model.review.int_review_classify"} */

      describe extended `ecommerce`.`intermediate`.`int_review_classify`
  
[0m09:17:56.637471 [debug] [Thread-4 (]: Began executing node model.review.int_review_classify
[0m09:17:56.637471 [debug] [Thread-5 (]: Opening a new connection, currently in state init
[0m09:17:56.639195 [debug] [Thread-4 (]: MATERIALIZING INCREMENTAL
[0m09:17:56.644391 [debug] [Thread-7 (]: Began executing node model.review.int_review_classify
[0m09:17:56.646530 [debug] [Thread-4 (]: Using databricks connection "model.review.int_review_classify"
[0m09:17:56.646530 [debug] [Thread-7 (]: MATERIALIZING INCREMENTAL
[0m09:17:56.646530 [debug] [Thread-4 (]: On model.review.int_review_classify: /* {"app": "dbt", "dbt_version": "1.11.6", "dbt_databricks_version": "1.11.6", "databricks_sql_connector_version": "4.1.3", "profile_name": "review", "target_name": "dev", "node_id": "model.review.int_review_classify"} */

      describe extended `ecommerce`.`intermediate`.`int_review_classify`
  
[0m09:17:56.657569 [debug] [Thread-7 (]: Using databricks connection "model.review.int_review_classify"
[0m09:17:56.657569 [debug] [Thread-4 (]: Opening a new connection, currently in state init
[0m09:17:56.657569 [debug] [Thread-7 (]: On model.review.int_review_classify: /* {"app": "dbt", "dbt_version": "1.11.6", "dbt_databricks_version": "1.11.6", "databricks_sql_connector_version": "4.1.3", "profile_name": "review", "target_name": "dev", "node_id": "model.review.int_review_classify"} */

      describe extended `ecommerce`.`intermediate`.`int_review_classify`
  
[0m09:17:56.662426 [debug] [Thread-7 (]: Opening a new connection, currently in state init
[0m09:17:57.282612 [error] [Thread-5 (]: databricks-sql-connector adapter: ThriftBackend.attempt_request: Exception: %s
[0m09:17:57.285133 [error] [Thread-5 (]: Databricks adapter: Connection(session-id=Unknown) - Exception while trying to create connection: Error during request to server: BAD_REQUEST: Sorry, cannot run the resource because you have hit your free daily limit. Please come back again tomorrow.. BAD_REQUEST: Sorry, cannot run the resource because you have hit your free daily limit. Please come back again tomorrow.
Error properties: attempt=1/30, bounded-retry-delay=None, elapsed-seconds=0.5506818294525146/900.0, error-message=BAD_REQUEST: Sorry, cannot run the resource because you have hit your free daily limit. Please come back again tomorrow., http-code=400, method=OpenSession, no-retry-reason=non-retryable error, original-exception=BAD_REQUEST: Sorry, cannot run the resource because you have hit your free daily limit. Please come back again tomorrow., query-id=None, session-id=None
[0m09:17:57.287143 [debug] [Thread-5 (]: Databricks adapter: Exception while trying to execute query
/* {"app": "dbt", "dbt_version": "1.11.6", "dbt_databricks_version": "1.11.6", "databricks_sql_connector_version": "4.1.3", "profile_name": "review", "target_name": "dev", "node_id": "model.review.int_review_classify"} */

      describe extended `ecommerce`.`intermediate`.`int_review_classify`
  
: Database Error
  Error during request to server: BAD_REQUEST: Sorry, cannot run the resource because you have hit your free daily limit. Please come back again tomorrow.. BAD_REQUEST: Sorry, cannot run the resource because you have hit your free daily limit. Please come back again tomorrow.
[0m09:17:57.287653 [debug] [Thread-5 (]: Databricks adapter: Exception while trying to execute query
macro get_columns_in_relation_raw
: Database Error
  Database Error
    Error during request to server: BAD_REQUEST: Sorry, cannot run the resource because you have hit your free daily limit. Please come back again tomorrow.. BAD_REQUEST: Sorry, cannot run the resource because you have hit your free daily limit. Please come back again tomorrow.
[0m09:17:57.289661 [error] [Thread-5 (]: [31mUnhandled error while executing [0m
Exception on worker thread. Database Error
  Database Error
    Database Error
      Error during request to server: BAD_REQUEST: Sorry, cannot run the resource because you have hit your free daily limit. Please come back again tomorrow.. BAD_REQUEST: Sorry, cannot run the resource because you have hit your free daily limit. Please come back again tomorrow.
[0m09:17:57.291926 [debug] [Thread-5 (]: On model.review.int_review_classify: No close available on handle
[0m09:17:57.291926 [debug] [Thread-5 (]: Sending event: {'category': 'dbt', 'action': 'run_model', 'label': '04c5d2e7-7ac4-48e0-9312-9a90efffb0ae', 'context': [<snowplow_tracker.self_describing_json.SelfDescribingJson object at 0x00000231A42E2E70>]}
[0m09:17:57.293945 [error] [Thread-5 (]: Batch 444 of 450 ERROR creating batch 2026-03-20 of ecommerce.intermediate.int_review_classify  [[31mERROR[0m in 0.70s]
[0m09:17:57.293945 [debug] [Thread-5 (]: Finished running node model.review.int_review_classify
[0m09:17:57.296509 [debug] [Thread-5 (]: Began running node model.review.int_review_classify
[0m09:17:57.296509 [info ] [Thread-5 (]: Batch 447 of 450 START batch 2026-03-23 of ecommerce.intermediate.int_review_classify  [RUN]
[0m09:17:57.298519 [debug] [Thread-5 (]: Databricks adapter: DatabricksDBTConnection(session-id=None, name=model.review.int_review_classify) - Creating connection
[0m09:17:57.298519 [debug] [Thread-5 (]: Acquiring new databricks connection 'model.review.int_review_classify'
[0m09:17:57.301037 [debug] [Thread-5 (]: Began compiling node model.review.int_review_classify
[0m09:17:57.312463 [debug] [Thread-5 (]: Writing injected SQL for node "model.review.int_review_classify"
[0m09:17:57.313882 [debug] [Thread-5 (]: Began executing node model.review.int_review_classify
[0m09:17:57.322061 [debug] [Thread-5 (]: MATERIALIZING INCREMENTAL
[0m09:17:57.325111 [debug] [Thread-5 (]: Using databricks connection "model.review.int_review_classify"
[0m09:17:57.324337 [error] [Thread-7 (]: databricks-sql-connector adapter: ThriftBackend.attempt_request: Exception: %s
[0m09:17:57.332126 [debug] [Thread-5 (]: On model.review.int_review_classify: /* {"app": "dbt", "dbt_version": "1.11.6", "dbt_databricks_version": "1.11.6", "databricks_sql_connector_version": "4.1.3", "profile_name": "review", "target_name": "dev", "node_id": "model.review.int_review_classify"} */

      describe extended `ecommerce`.`intermediate`.`int_review_classify`
  
[0m09:17:57.332126 [debug] [Thread-5 (]: Opening a new connection, currently in state init
[0m09:17:57.332126 [error] [Thread-4 (]: databricks-sql-connector adapter: ThriftBackend.attempt_request: Exception: %s
[0m09:17:57.334669 [error] [Thread-7 (]: Databricks adapter: Connection(session-id=Unknown) - Exception while trying to create connection: Error during request to server: BAD_REQUEST: Sorry, cannot run the resource because you have hit your free daily limit. Please come back again tomorrow.. BAD_REQUEST: Sorry, cannot run the resource because you have hit your free daily limit. Please come back again tomorrow.
Error properties: attempt=1/30, bounded-retry-delay=None, elapsed-seconds=0.5650985240936279/900.0, error-message=BAD_REQUEST: Sorry, cannot run the resource because you have hit your free daily limit. Please come back again tomorrow., http-code=400, method=OpenSession, no-retry-reason=non-retryable error, original-exception=BAD_REQUEST: Sorry, cannot run the resource because you have hit your free daily limit. Please come back again tomorrow., query-id=None, session-id=None
[0m09:17:57.338236 [debug] [Thread-7 (]: Databricks adapter: Exception while trying to execute query
/* {"app": "dbt", "dbt_version": "1.11.6", "dbt_databricks_version": "1.11.6", "databricks_sql_connector_version": "4.1.3", "profile_name": "review", "target_name": "dev", "node_id": "model.review.int_review_classify"} */

      describe extended `ecommerce`.`intermediate`.`int_review_classify`
  
: Database Error
  Error during request to server: BAD_REQUEST: Sorry, cannot run the resource because you have hit your free daily limit. Please come back again tomorrow.. BAD_REQUEST: Sorry, cannot run the resource because you have hit your free daily limit. Please come back again tomorrow.
[0m09:17:57.337302 [error] [Thread-4 (]: Databricks adapter: Connection(session-id=Unknown) - Exception while trying to create connection: Error during request to server: BAD_REQUEST: Sorry, cannot run the resource because you have hit your free daily limit. Please come back again tomorrow.. BAD_REQUEST: Sorry, cannot run the resource because you have hit your free daily limit. Please come back again tomorrow.
Error properties: attempt=1/30, bounded-retry-delay=None, elapsed-seconds=0.5666072368621826/900.0, error-message=BAD_REQUEST: Sorry, cannot run the resource because you have hit your free daily limit. Please come back again tomorrow., http-code=400, method=OpenSession, no-retry-reason=non-retryable error, original-exception=BAD_REQUEST: Sorry, cannot run the resource because you have hit your free daily limit. Please come back again tomorrow., query-id=None, session-id=None
[0m09:17:57.338236 [debug] [Thread-7 (]: Databricks adapter: Exception while trying to execute query
macro get_columns_in_relation_raw
: Database Error
  Database Error
    Error during request to server: BAD_REQUEST: Sorry, cannot run the resource because you have hit your free daily limit. Please come back again tomorrow.. BAD_REQUEST: Sorry, cannot run the resource because you have hit your free daily limit. Please come back again tomorrow.
[0m09:17:57.338236 [debug] [Thread-4 (]: Databricks adapter: Exception while trying to execute query
/* {"app": "dbt", "dbt_version": "1.11.6", "dbt_databricks_version": "1.11.6", "databricks_sql_connector_version": "4.1.3", "profile_name": "review", "target_name": "dev", "node_id": "model.review.int_review_classify"} */

      describe extended `ecommerce`.`intermediate`.`int_review_classify`
  
: Database Error
  Error during request to server: BAD_REQUEST: Sorry, cannot run the resource because you have hit your free daily limit. Please come back again tomorrow.. BAD_REQUEST: Sorry, cannot run the resource because you have hit your free daily limit. Please come back again tomorrow.
[0m09:17:57.342394 [debug] [Thread-4 (]: Databricks adapter: Exception while trying to execute query
macro get_columns_in_relation_raw
: Database Error
  Database Error
    Error during request to server: BAD_REQUEST: Sorry, cannot run the resource because you have hit your free daily limit. Please come back again tomorrow.. BAD_REQUEST: Sorry, cannot run the resource because you have hit your free daily limit. Please come back again tomorrow.
[0m09:17:57.342394 [error] [Thread-7 (]: [31mUnhandled error while executing [0m
Exception on worker thread. Database Error
  Database Error
    Database Error
      Error during request to server: BAD_REQUEST: Sorry, cannot run the resource because you have hit your free daily limit. Please come back again tomorrow.. BAD_REQUEST: Sorry, cannot run the resource because you have hit your free daily limit. Please come back again tomorrow.
[0m09:17:57.344815 [debug] [Thread-7 (]: On model.review.int_review_classify: No close available on handle
[0m09:17:57.344078 [error] [Thread-4 (]: [31mUnhandled error while executing [0m
Exception on worker thread. Database Error
  Database Error
    Database Error
      Error during request to server: BAD_REQUEST: Sorry, cannot run the resource because you have hit your free daily limit. Please come back again tomorrow.. BAD_REQUEST: Sorry, cannot run the resource because you have hit your free daily limit. Please come back again tomorrow.
[0m09:17:57.344815 [debug] [Thread-7 (]: Sending event: {'category': 'dbt', 'action': 'run_model', 'label': '04c5d2e7-7ac4-48e0-9312-9a90efffb0ae', 'context': [<snowplow_tracker.self_describing_json.SelfDescribingJson object at 0x00000231A432A120>]}
[0m09:17:57.357890 [debug] [Thread-4 (]: On model.review.int_review_classify: No close available on handle
[0m09:17:57.362616 [error] [Thread-7 (]: Batch 446 of 450 ERROR creating batch 2026-03-22 of ecommerce.intermediate.int_review_classify  [[31mERROR[0m in 0.74s]
[0m09:17:57.365476 [debug] [Thread-4 (]: Sending event: {'category': 'dbt', 'action': 'run_model', 'label': '04c5d2e7-7ac4-48e0-9312-9a90efffb0ae', 'context': [<snowplow_tracker.self_describing_json.SelfDescribingJson object at 0x00000231A37CD4C0>]}
[0m09:17:57.378330 [debug] [Thread-7 (]: Finished running node model.review.int_review_classify
[0m09:17:57.378330 [error] [Thread-4 (]: Batch 445 of 450 ERROR creating batch 2026-03-21 of ecommerce.intermediate.int_review_classify  [[31mERROR[0m in 0.76s]
[0m09:17:57.378330 [debug] [Thread-7 (]: Began running node model.review.int_review_classify
[0m09:17:57.378330 [debug] [Thread-4 (]: Finished running node model.review.int_review_classify
[0m09:17:57.384175 [debug] [Thread-4 (]: Began running node model.review.int_review_classify
[0m09:17:57.383157 [info ] [Thread-7 (]: Batch 448 of 450 START batch 2026-03-24 of ecommerce.intermediate.int_review_classify  [RUN]
[0m09:17:57.386135 [debug] [Thread-7 (]: Databricks adapter: DatabricksDBTConnection(session-id=None, name=model.review.int_review_classify) - Creating connection
[0m09:17:57.384757 [info ] [Thread-4 (]: Batch 449 of 450 START batch 2026-03-25 of ecommerce.intermediate.int_review_classify  [RUN]
[0m09:17:57.387257 [debug] [Thread-7 (]: Acquiring new databricks connection 'model.review.int_review_classify'
[0m09:17:57.387257 [debug] [Thread-4 (]: Databricks adapter: DatabricksDBTConnection(session-id=None, name=model.review.int_review_classify) - Creating connection
[0m09:17:57.388267 [debug] [Thread-7 (]: Began compiling node model.review.int_review_classify
[0m09:17:57.389089 [debug] [Thread-4 (]: Acquiring new databricks connection 'model.review.int_review_classify'
[0m09:17:57.396548 [debug] [Thread-7 (]: Writing injected SQL for node "model.review.int_review_classify"
[0m09:17:57.396548 [debug] [Thread-4 (]: Began compiling node model.review.int_review_classify
[0m09:17:57.403612 [debug] [Thread-4 (]: Writing injected SQL for node "model.review.int_review_classify"
[0m09:17:57.403612 [debug] [Thread-7 (]: Began executing node model.review.int_review_classify
[0m09:17:57.406613 [debug] [Thread-7 (]: MATERIALIZING INCREMENTAL
[0m09:17:57.406613 [debug] [Thread-7 (]: Using databricks connection "model.review.int_review_classify"
[0m09:17:57.406613 [debug] [Thread-7 (]: On model.review.int_review_classify: /* {"app": "dbt", "dbt_version": "1.11.6", "dbt_databricks_version": "1.11.6", "databricks_sql_connector_version": "4.1.3", "profile_name": "review", "target_name": "dev", "node_id": "model.review.int_review_classify"} */

      describe extended `ecommerce`.`intermediate`.`int_review_classify`
  
[0m09:17:57.406613 [debug] [Thread-4 (]: Began executing node model.review.int_review_classify
[0m09:17:57.406613 [debug] [Thread-7 (]: Opening a new connection, currently in state init
[0m09:17:57.413991 [debug] [Thread-4 (]: MATERIALIZING INCREMENTAL
[0m09:17:57.421372 [debug] [Thread-4 (]: Using databricks connection "model.review.int_review_classify"
[0m09:17:57.422425 [debug] [Thread-4 (]: On model.review.int_review_classify: /* {"app": "dbt", "dbt_version": "1.11.6", "dbt_databricks_version": "1.11.6", "databricks_sql_connector_version": "4.1.3", "profile_name": "review", "target_name": "dev", "node_id": "model.review.int_review_classify"} */

      describe extended `ecommerce`.`intermediate`.`int_review_classify`
  
[0m09:17:57.423489 [debug] [Thread-4 (]: Opening a new connection, currently in state init
[0m09:17:57.946305 [error] [Thread-5 (]: databricks-sql-connector adapter: ThriftBackend.attempt_request: Exception: %s
[0m09:17:57.946305 [error] [Thread-5 (]: Databricks adapter: Connection(session-id=Unknown) - Exception while trying to create connection: Error during request to server: BAD_REQUEST: Sorry, cannot run the resource because you have hit your free daily limit. Please come back again tomorrow.. BAD_REQUEST: Sorry, cannot run the resource because you have hit your free daily limit. Please come back again tomorrow.
Error properties: attempt=1/30, bounded-retry-delay=None, elapsed-seconds=0.5679750442504883/900.0, error-message=BAD_REQUEST: Sorry, cannot run the resource because you have hit your free daily limit. Please come back again tomorrow., http-code=400, method=OpenSession, no-retry-reason=non-retryable error, original-exception=BAD_REQUEST: Sorry, cannot run the resource because you have hit your free daily limit. Please come back again tomorrow., query-id=None, session-id=None
[0m09:17:57.948315 [debug] [Thread-5 (]: Databricks adapter: Exception while trying to execute query
/* {"app": "dbt", "dbt_version": "1.11.6", "dbt_databricks_version": "1.11.6", "databricks_sql_connector_version": "4.1.3", "profile_name": "review", "target_name": "dev", "node_id": "model.review.int_review_classify"} */

      describe extended `ecommerce`.`intermediate`.`int_review_classify`
  
: Database Error
  Error during request to server: BAD_REQUEST: Sorry, cannot run the resource because you have hit your free daily limit. Please come back again tomorrow.. BAD_REQUEST: Sorry, cannot run the resource because you have hit your free daily limit. Please come back again tomorrow.
[0m09:17:57.949383 [debug] [Thread-5 (]: Databricks adapter: Exception while trying to execute query
macro get_columns_in_relation_raw
: Database Error
  Database Error
    Error during request to server: BAD_REQUEST: Sorry, cannot run the resource because you have hit your free daily limit. Please come back again tomorrow.. BAD_REQUEST: Sorry, cannot run the resource because you have hit your free daily limit. Please come back again tomorrow.
[0m09:17:57.949383 [error] [Thread-5 (]: [31mUnhandled error while executing [0m
Exception on worker thread. Database Error
  Database Error
    Database Error
      Error during request to server: BAD_REQUEST: Sorry, cannot run the resource because you have hit your free daily limit. Please come back again tomorrow.. BAD_REQUEST: Sorry, cannot run the resource because you have hit your free daily limit. Please come back again tomorrow.
[0m09:17:57.949383 [debug] [Thread-5 (]: On model.review.int_review_classify: No close available on handle
[0m09:17:57.949383 [debug] [Thread-5 (]: Sending event: {'category': 'dbt', 'action': 'run_model', 'label': '04c5d2e7-7ac4-48e0-9312-9a90efffb0ae', 'context': [<snowplow_tracker.self_describing_json.SelfDescribingJson object at 0x00000231A3877200>]}
[0m09:17:57.951904 [error] [Thread-5 (]: Batch 447 of 450 ERROR creating batch 2026-03-23 of ecommerce.intermediate.int_review_classify  [[31mERROR[0m in 0.65s]
[0m09:17:57.951904 [debug] [Thread-5 (]: Finished running node model.review.int_review_classify
[0m09:17:58.058661 [error] [Thread-7 (]: databricks-sql-connector adapter: ThriftBackend.attempt_request: Exception: %s
[0m09:17:58.060985 [error] [Thread-7 (]: Databricks adapter: Connection(session-id=Unknown) - Exception while trying to create connection: Error during request to server: BAD_REQUEST: Sorry, cannot run the resource because you have hit your free daily limit. Please come back again tomorrow.. BAD_REQUEST: Sorry, cannot run the resource because you have hit your free daily limit. Please come back again tomorrow.
Error properties: attempt=1/30, bounded-retry-delay=None, elapsed-seconds=0.5713720321655273/900.0, error-message=BAD_REQUEST: Sorry, cannot run the resource because you have hit your free daily limit. Please come back again tomorrow., http-code=400, method=OpenSession, no-retry-reason=non-retryable error, original-exception=BAD_REQUEST: Sorry, cannot run the resource because you have hit your free daily limit. Please come back again tomorrow., query-id=None, session-id=None
[0m09:17:58.062461 [debug] [Thread-7 (]: Databricks adapter: Exception while trying to execute query
/* {"app": "dbt", "dbt_version": "1.11.6", "dbt_databricks_version": "1.11.6", "databricks_sql_connector_version": "4.1.3", "profile_name": "review", "target_name": "dev", "node_id": "model.review.int_review_classify"} */

      describe extended `ecommerce`.`intermediate`.`int_review_classify`
  
: Database Error
  Error during request to server: BAD_REQUEST: Sorry, cannot run the resource because you have hit your free daily limit. Please come back again tomorrow.. BAD_REQUEST: Sorry, cannot run the resource because you have hit your free daily limit. Please come back again tomorrow.
[0m09:17:58.062968 [debug] [Thread-7 (]: Databricks adapter: Exception while trying to execute query
macro get_columns_in_relation_raw
: Database Error
  Database Error
    Error during request to server: BAD_REQUEST: Sorry, cannot run the resource because you have hit your free daily limit. Please come back again tomorrow.. BAD_REQUEST: Sorry, cannot run the resource because you have hit your free daily limit. Please come back again tomorrow.
[0m09:17:58.062968 [error] [Thread-7 (]: [31mUnhandled error while executing [0m
Exception on worker thread. Database Error
  Database Error
    Database Error
      Error during request to server: BAD_REQUEST: Sorry, cannot run the resource because you have hit your free daily limit. Please come back again tomorrow.. BAD_REQUEST: Sorry, cannot run the resource because you have hit your free daily limit. Please come back again tomorrow.
[0m09:17:58.062968 [debug] [Thread-7 (]: On model.review.int_review_classify: No close available on handle
[0m09:17:58.062968 [debug] [Thread-7 (]: Sending event: {'category': 'dbt', 'action': 'run_model', 'label': '04c5d2e7-7ac4-48e0-9312-9a90efffb0ae', 'context': [<snowplow_tracker.self_describing_json.SelfDescribingJson object at 0x00000231A5357C20>]}
[0m09:17:58.062968 [error] [Thread-7 (]: Batch 448 of 450 ERROR creating batch 2026-03-24 of ecommerce.intermediate.int_review_classify  [[31mERROR[0m in 0.68s]
[0m09:17:58.062968 [debug] [Thread-7 (]: Finished running node model.review.int_review_classify
[0m09:17:58.108107 [error] [Thread-4 (]: databricks-sql-connector adapter: ThriftBackend.attempt_request: Exception: %s
[0m09:17:58.109124 [error] [Thread-4 (]: Databricks adapter: Connection(session-id=Unknown) - Exception while trying to create connection: Error during request to server: BAD_REQUEST: Sorry, cannot run the resource because you have hit your free daily limit. Please come back again tomorrow.. BAD_REQUEST: Sorry, cannot run the resource because you have hit your free daily limit. Please come back again tomorrow.
Error properties: attempt=1/30, bounded-retry-delay=None, elapsed-seconds=0.6200852394104004/900.0, error-message=BAD_REQUEST: Sorry, cannot run the resource because you have hit your free daily limit. Please come back again tomorrow., http-code=400, method=OpenSession, no-retry-reason=non-retryable error, original-exception=BAD_REQUEST: Sorry, cannot run the resource because you have hit your free daily limit. Please come back again tomorrow., query-id=None, session-id=None
[0m09:17:58.109124 [debug] [Thread-4 (]: Databricks adapter: Exception while trying to execute query
/* {"app": "dbt", "dbt_version": "1.11.6", "dbt_databricks_version": "1.11.6", "databricks_sql_connector_version": "4.1.3", "profile_name": "review", "target_name": "dev", "node_id": "model.review.int_review_classify"} */

      describe extended `ecommerce`.`intermediate`.`int_review_classify`
  
: Database Error
  Error during request to server: BAD_REQUEST: Sorry, cannot run the resource because you have hit your free daily limit. Please come back again tomorrow.. BAD_REQUEST: Sorry, cannot run the resource because you have hit your free daily limit. Please come back again tomorrow.
[0m09:17:58.122097 [debug] [Thread-4 (]: Databricks adapter: Exception while trying to execute query
macro get_columns_in_relation_raw
: Database Error
  Database Error
    Error during request to server: BAD_REQUEST: Sorry, cannot run the resource because you have hit your free daily limit. Please come back again tomorrow.. BAD_REQUEST: Sorry, cannot run the resource because you have hit your free daily limit. Please come back again tomorrow.
[0m09:17:58.123690 [error] [Thread-4 (]: [31mUnhandled error while executing [0m
Exception on worker thread. Database Error
  Database Error
    Database Error
      Error during request to server: BAD_REQUEST: Sorry, cannot run the resource because you have hit your free daily limit. Please come back again tomorrow.. BAD_REQUEST: Sorry, cannot run the resource because you have hit your free daily limit. Please come back again tomorrow.
[0m09:17:58.123690 [debug] [Thread-4 (]: On model.review.int_review_classify: No close available on handle
[0m09:17:58.123690 [debug] [Thread-4 (]: Sending event: {'category': 'dbt', 'action': 'run_model', 'label': '04c5d2e7-7ac4-48e0-9312-9a90efffb0ae', 'context': [<snowplow_tracker.self_describing_json.SelfDescribingJson object at 0x00000231A4185E50>]}
[0m09:17:58.123690 [error] [Thread-4 (]: Batch 449 of 450 ERROR creating batch 2026-03-25 of ecommerce.intermediate.int_review_classify  [[31mERROR[0m in 0.74s]
[0m09:17:58.123690 [debug] [Thread-4 (]: Finished running node model.review.int_review_classify
[0m09:17:58.192016 [debug] [Thread-6 (]: batch 2026-03-26 of ecommerce.intermediate.int_review_classify is being run sequentially
[0m09:17:58.193145 [debug] [Thread-6 (]: Began running node model.review.int_review_classify
[0m09:17:58.193712 [info ] [Thread-6 (]: Batch 450 of 450 START batch 2026-03-26 of ecommerce.intermediate.int_review_classify  [RUN]
[0m09:17:58.194843 [debug] [Thread-6 (]: Databricks adapter: DatabricksDBTConnection(session-id=None, name=model.review.int_review_classify) - Creating connection
[0m09:17:58.195465 [debug] [Thread-6 (]: Acquiring new databricks connection 'model.review.int_review_classify'
[0m09:17:58.196016 [debug] [Thread-6 (]: Began compiling node model.review.int_review_classify
[0m09:17:58.319958 [debug] [Thread-6 (]: Writing injected SQL for node "model.review.int_review_classify"
[0m09:17:58.319958 [debug] [Thread-6 (]: Began executing node model.review.int_review_classify
[0m09:17:58.325351 [debug] [Thread-6 (]: MATERIALIZING INCREMENTAL
[0m09:17:58.330226 [debug] [Thread-6 (]: Using databricks connection "model.review.int_review_classify"
[0m09:17:58.330226 [debug] [Thread-6 (]: On model.review.int_review_classify: /* {"app": "dbt", "dbt_version": "1.11.6", "dbt_databricks_version": "1.11.6", "databricks_sql_connector_version": "4.1.3", "profile_name": "review", "target_name": "dev", "node_id": "model.review.int_review_classify"} */

      describe extended `ecommerce`.`intermediate`.`int_review_classify`
  
[0m09:17:58.330226 [debug] [Thread-6 (]: Opening a new connection, currently in state init
[0m09:17:58.879008 [error] [Thread-6 (]: databricks-sql-connector adapter: ThriftBackend.attempt_request: Exception: %s
[0m09:17:58.881327 [error] [Thread-6 (]: Databricks adapter: Connection(session-id=Unknown) - Exception while trying to create connection: Error during request to server: BAD_REQUEST: Sorry, cannot run the resource because you have hit your free daily limit. Please come back again tomorrow.. BAD_REQUEST: Sorry, cannot run the resource because you have hit your free daily limit. Please come back again tomorrow.
Error properties: attempt=1/30, bounded-retry-delay=None, elapsed-seconds=0.5199151039123535/900.0, error-message=BAD_REQUEST: Sorry, cannot run the resource because you have hit your free daily limit. Please come back again tomorrow., http-code=400, method=OpenSession, no-retry-reason=non-retryable error, original-exception=BAD_REQUEST: Sorry, cannot run the resource because you have hit your free daily limit. Please come back again tomorrow., query-id=None, session-id=None
[0m09:17:58.881848 [debug] [Thread-6 (]: Databricks adapter: Exception while trying to execute query
/* {"app": "dbt", "dbt_version": "1.11.6", "dbt_databricks_version": "1.11.6", "databricks_sql_connector_version": "4.1.3", "profile_name": "review", "target_name": "dev", "node_id": "model.review.int_review_classify"} */

      describe extended `ecommerce`.`intermediate`.`int_review_classify`
  
: Database Error
  Error during request to server: BAD_REQUEST: Sorry, cannot run the resource because you have hit your free daily limit. Please come back again tomorrow.. BAD_REQUEST: Sorry, cannot run the resource because you have hit your free daily limit. Please come back again tomorrow.
[0m09:17:58.881848 [debug] [Thread-6 (]: Databricks adapter: Exception while trying to execute query
macro get_columns_in_relation_raw
: Database Error
  Database Error
    Error during request to server: BAD_REQUEST: Sorry, cannot run the resource because you have hit your free daily limit. Please come back again tomorrow.. BAD_REQUEST: Sorry, cannot run the resource because you have hit your free daily limit. Please come back again tomorrow.
[0m09:17:58.884537 [error] [Thread-6 (]: [31mUnhandled error while executing [0m
Exception on worker thread. Database Error
  Database Error
    Database Error
      Error during request to server: BAD_REQUEST: Sorry, cannot run the resource because you have hit your free daily limit. Please come back again tomorrow.. BAD_REQUEST: Sorry, cannot run the resource because you have hit your free daily limit. Please come back again tomorrow.
[0m09:17:58.884537 [debug] [Thread-6 (]: On model.review.int_review_classify: No close available on handle
[0m09:17:58.884537 [debug] [Thread-6 (]: Sending event: {'category': 'dbt', 'action': 'run_model', 'label': '04c5d2e7-7ac4-48e0-9312-9a90efffb0ae', 'context': [<snowplow_tracker.self_describing_json.SelfDescribingJson object at 0x00000231A373EE10>]}
[0m09:17:58.884537 [error] [Thread-6 (]: Batch 450 of 450 ERROR creating batch 2026-03-26 of ecommerce.intermediate.int_review_classify  [[31mERROR[0m in 0.69s]
[0m09:17:58.884537 [debug] [Thread-6 (]: Finished running node model.review.int_review_classify
[0m09:17:58.892163 [debug] [Thread-6 (]: Sending event: {'category': 'dbt', 'action': 'run_model', 'label': '04c5d2e7-7ac4-48e0-9312-9a90efffb0ae', 'context': [<snowplow_tracker.self_describing_json.SelfDescribingJson object at 0x00000231A373F530>]}
[0m09:17:58.892163 [info ] [Thread-6 (]: 2 of 2 PARTIALLY created sql microbatch model ecommerce.intermediate.int_review_classify  [[33mPARTIAL SUCCESS (281/450)[0m in 39775.67s]
[0m09:17:58.892163 [debug] [Thread-6 (]: Finished running node model.review.int_review_classify
[0m09:17:58.894745 [debug] [Thread-10 ]: Marking all children of 'model.review.int_review_classify' to be skipped because of status 'partial success'.  Reason: PARTIAL SUCCESS (281/450).
[0m09:17:58.897087 [debug] [MainThread]: Databricks adapter: DatabricksDBTConnection(session-id=None, name=master) - Creating connection
[0m09:17:58.900665 [debug] [MainThread]: Acquiring new databricks connection 'master'
[0m09:17:58.900665 [info ] [MainThread]: 
[0m09:17:58.900665 [info ] [MainThread]: Finished running 1 incremental model, 1 view model in 11 hours 3 minutes and 2.74 seconds (39782.74s).
[0m09:17:58.902252 [debug] [MainThread]: Command end result
[0m09:17:58.946168 [debug] [MainThread]: Wrote artifact WritableManifest to C:\Users\deydson\ptf\review-dbt-microbatch\target\manifest.json
[0m09:17:58.972063 [debug] [MainThread]: Wrote artifact SemanticManifest to C:\Users\deydson\ptf\review-dbt-microbatch\target\semantic_manifest.json
[0m09:17:58.990978 [debug] [MainThread]: Wrote artifact RunExecutionResult to C:\Users\deydson\ptf\review-dbt-microbatch\target\run_results.json
[0m09:17:58.990978 [info ] [MainThread]: 
[0m09:17:58.990978 [info ] [MainThread]: [33mCompleted with 1 partial success and 0 warnings[0m
[0m09:17:58.993104 [info ] [MainThread]: 
[0m09:17:58.993104 [info ] [MainThread]: Done. PASS=1 WARN=0 ERROR=1 SKIP=0 NO-OP=0 TOTAL=2
[0m09:17:58.995064 [debug] [MainThread]: Command `dbt run` failed at 09:17:58.995064 after 39794.71 seconds
[0m09:17:58.995570 [debug] [MainThread]: Sending event: {'category': 'dbt', 'action': 'invocation', 'label': 'end', 'context': [<snowplow_tracker.self_describing_json.SelfDescribingJson object at 0x000002318419D580>, <snowplow_tracker.self_describing_json.SelfDescribingJson object at 0x0000023184364860>, <snowplow_tracker.self_describing_json.SelfDescribingJson object at 0x00000231A432CEF0>]}
[0m09:17:58.995570 [debug] [MainThread]: Flushing usage events
[0m09:17:59.623600 [debug] [MainThread]: An error was encountered while trying to flush usage events
[0m09:57:10.245090 [debug] [MainThread]: Sending event: {'category': 'dbt', 'action': 'invocation', 'label': 'start', 'context': [<snowplow_tracker.self_describing_json.SelfDescribingJson object at 0x00000274652A6B70>, <snowplow_tracker.self_describing_json.SelfDescribingJson object at 0x00000274651D7290>, <snowplow_tracker.self_describing_json.SelfDescribingJson object at 0x00000274651D6030>]}


============================== 09:57:10.252057 | 3a8c8d4a-ad5a-4d2b-8bef-d52aa713b88e ==============================
[0m09:57:10.252057 [info ] [MainThread]: Running with dbt=1.11.6
[0m09:57:10.253560 [debug] [MainThread]: running dbt with arguments {'version_check': 'True', 'no_print': 'None', 'static_parser': 'True', 'target_path': 'None', 'warn_error_options': 'WarnErrorOptionsV2(error=[], warn=[], silence=[])', 'printer_width': '80', 'write_json': 'True', 'empty': 'None', 'log_cache_events': 'False', 'introspect': 'True', 'cache_selected_only': 'False', 'fail_fast': 'False', 'debug': 'False', 'log_format': 'default', 'profiles_dir': 'C:\\Users\\deydson\\ptf\\review-dbt-microbatch', 'send_anonymous_usage_stats': 'True', 'quiet': 'False', 'warn_error': 'None', 'partial_parse': 'True', 'invocation_command': 'dbt debug', 'indirect_selection': 'eager', 'use_colors': 'True', 'use_experimental_parser': 'False', 'log_path': 'C:\\Users\\deydson\\ptf\\review-dbt-microbatch\\logs'}
[0m09:57:10.300489 [info ] [MainThread]: dbt version: 1.11.6
[0m09:57:10.300489 [info ] [MainThread]: python version: 3.12.12
[0m09:57:10.301492 [info ] [MainThread]: python path: C:\Users\deydson\ptf\review-dbt-microbatch\.venv\Scripts\python.exe
[0m09:57:10.301492 [info ] [MainThread]: os info: Windows-11-10.0.26200-SP0
[0m09:57:13.410319 [debug] [MainThread]: Spark adapter: Setting pyhive.hive logging to ERROR
[0m09:57:13.410319 [debug] [MainThread]: Spark adapter: Setting thrift.transport logging to ERROR
[0m09:57:13.410319 [debug] [MainThread]: Spark adapter: Setting thrift.protocol logging to ERROR
[0m09:57:16.929268 [info ] [MainThread]: Using profiles dir at C:\Users\deydson\ptf\review-dbt-microbatch
[0m09:57:16.929268 [info ] [MainThread]: Using profiles.yml file at C:\Users\deydson\ptf\review-dbt-microbatch\profiles.yml
[0m09:57:16.929268 [info ] [MainThread]: Using dbt_project.yml file at C:\Users\deydson\ptf\review-dbt-microbatch\dbt_project.yml
[0m09:57:16.929268 [info ] [MainThread]: adapter type: databricks
[0m09:57:16.929268 [info ] [MainThread]: adapter version: 1.11.6
[0m09:57:17.048226 [info ] [MainThread]: Configuration:
[0m09:57:17.048226 [info ] [MainThread]:   profiles.yml file [[32mOK found and valid[0m]
[0m09:57:17.048226 [info ] [MainThread]:   dbt_project.yml file [[32mOK found and valid[0m]
[0m09:57:17.048226 [info ] [MainThread]: Required dependencies:
[0m09:57:17.048226 [debug] [MainThread]: Executing "git --help"
[0m09:57:17.099860 [debug] [MainThread]: STDOUT: "b"usage: git [-v | --version] [-h | --help] [-C <path>] [-c <name>=<value>]\n           [--exec-path[=<path>]] [--html-path] [--man-path] [--info-path]\n           [-p | --paginate | -P | --no-pager] [--no-replace-objects] [--no-lazy-fetch]\n           [--no-optional-locks] [--no-advice] [--bare] [--git-dir=<path>]\n           [--work-tree=<path>] [--namespace=<name>] [--config-env=<name>=<envvar>]\n           <command> [<args>]\n\nThese are common Git commands used in various situations:\n\nstart a working area (see also: git help tutorial)\n   clone      Clone a repository into a new directory\n   init       Create an empty Git repository or reinitialize an existing one\n\nwork on the current change (see also: git help everyday)\n   add        Add file contents to the index\n   mv         Move or rename a file, a directory, or a symlink\n   restore    Restore working tree files\n   rm         Remove files from the working tree and from the index\n\nexamine the history and state (see also: git help revisions)\n   bisect     Use binary search to find the commit that introduced a bug\n   diff       Show changes between commits, commit and working tree, etc\n   grep       Print lines matching a pattern\n   log        Show commit logs\n   show       Show various types of objects\n   status     Show the working tree status\n\ngrow, mark and tweak your common history\n   backfill   Download missing objects in a partial clone\n   branch     List, create, or delete branches\n   commit     Record changes to the repository\n   merge      Join two or more development histories together\n   rebase     Reapply commits on top of another base tip\n   reset      Reset current HEAD to the specified state\n   switch     Switch branches\n   tag        Create, list, delete or verify tags\n\ncollaborate (see also: git help workflows)\n   fetch      Download objects and refs from another repository\n   pull       Fetch from and integrate with another repository or a local branch\n   push       Update remote refs along with associated objects\n\n'git help -a' and 'git help -g' list available subcommands and some\nconcept guides. See 'git help <command>' or 'git help <concept>'\nto read about a specific subcommand or concept.\nSee 'git help git' for an overview of the system.\n""
[0m09:57:17.099860 [debug] [MainThread]: STDERR: "b''"
[0m09:57:17.099860 [info ] [MainThread]:  - git [[32mOK found[0m]

[0m09:57:17.099860 [info ] [MainThread]: Connection:
[0m09:57:17.099860 [info ] [MainThread]:   host: dbc-ea4afa09-1cae.cloud.databricks.com
[0m09:57:17.099860 [info ] [MainThread]:   http_path: /sql/1.0/warehouses/2f38b2c639dedf2c
[0m09:57:17.107695 [info ] [MainThread]:   catalog: sandbox
[0m09:57:17.108706 [info ] [MainThread]:   schema: intermediate
[0m09:57:17.109325 [info ] [MainThread]: Registered adapter: databricks=1.11.6
[0m09:57:17.785929 [warn ] [MainThread]: [[33mWARNING[0m]: Use managed Iceberg tables when table_format is iceberg. When this flag is disabled, UniForm is used instead.
You may opt into the new behavior sooner by setting `flags.use_managed_iceberg` to `True` in `dbt_project.yml`.
Visit https://docs.getdbt.com/reference/global-configs/behavior-changes for more information.
[0m09:57:17.785929 [debug] [MainThread]: Sending event: {'category': 'dbt', 'action': 'BehaviorChangeEvent', 'label': '3a8c8d4a-ad5a-4d2b-8bef-d52aa713b88e', 'context': [<snowplow_tracker.self_describing_json.SelfDescribingJson object at 0x0000027402EECEF0>]}
[0m09:57:17.790718 [debug] [MainThread]: Databricks adapter: DatabricksDBTConnection(session-id=None, name=debug) - Creating connection
[0m09:57:17.790718 [debug] [MainThread]: Acquiring new databricks connection 'debug'
[0m09:57:17.790718 [debug] [MainThread]: Using databricks connection "debug"
[0m09:57:17.790718 [debug] [MainThread]: On debug: select 1 as id
[0m09:57:17.790718 [debug] [MainThread]: Opening a new connection, currently in state init
[0m09:57:18.806022 [error] [MainThread]: databricks-sql-connector adapter: ThriftBackend.attempt_request: Exception: %s
[0m09:57:18.828225 [error] [MainThread]: Databricks adapter: Connection(session-id=Unknown) - Exception while trying to create connection: Error during request to server: BAD_REQUEST: Sorry, cannot run the resource because you have hit your free daily limit. Please come back again tomorrow.. BAD_REQUEST: Sorry, cannot run the resource because you have hit your free daily limit. Please come back again tomorrow.
Error properties: attempt=1/30, bounded-retry-delay=None, elapsed-seconds=0.9796044826507568/900.0, error-message=BAD_REQUEST: Sorry, cannot run the resource because you have hit your free daily limit. Please come back again tomorrow., http-code=400, method=OpenSession, no-retry-reason=non-retryable error, original-exception=BAD_REQUEST: Sorry, cannot run the resource because you have hit your free daily limit. Please come back again tomorrow., query-id=None, session-id=None
[0m09:57:18.828225 [debug] [MainThread]: Databricks adapter: Exception while trying to execute query
select 1 as id
: Database Error
  Error during request to server: BAD_REQUEST: Sorry, cannot run the resource because you have hit your free daily limit. Please come back again tomorrow.. BAD_REQUEST: Sorry, cannot run the resource because you have hit your free daily limit. Please come back again tomorrow.
[0m09:57:18.831760 [debug] [MainThread]: On debug: No close available on handle
[0m09:57:18.831760 [info ] [MainThread]:   Connection test: [[31mERROR[0m]

[0m09:57:18.832787 [info ] [MainThread]: [31m1 check failed:[0m
[0m09:57:18.833774 [info ] [MainThread]: dbt was unable to connect to the specified database.
The database returned the following error:

  >Database Error
  Database Error
    Error during request to server: BAD_REQUEST: Sorry, cannot run the resource because you have hit your free daily limit. Please come back again tomorrow.. BAD_REQUEST: Sorry, cannot run the resource because you have hit your free daily limit. Please come back again tomorrow.

Check your database credentials and try again. For more information, visit:
https://docs.getdbt.com/docs/configure-your-profile


[0m09:57:18.834768 [debug] [MainThread]: Command `dbt debug` failed at 09:57:18.834768 after 8.75 seconds
[0m09:57:18.835773 [debug] [MainThread]: Sending event: {'category': 'dbt', 'action': 'invocation', 'label': 'end', 'context': [<snowplow_tracker.self_describing_json.SelfDescribingJson object at 0x00000274654F3200>, <snowplow_tracker.self_describing_json.SelfDescribingJson object at 0x0000027466A447D0>, <snowplow_tracker.self_describing_json.SelfDescribingJson object at 0x0000027464B90350>]}
[0m09:57:18.835773 [debug] [MainThread]: Flushing usage events
[0m09:57:19.417610 [debug] [MainThread]: An error was encountered while trying to flush usage events
